<?xml version="1.0" encoding="UTF-8"?>
<testsuite name="Compra de un iPhone en el carrito de compras" tests="1" skipped="0" failures="0" errors="0" timestamp="2023-04-12T23:18:07" hostname="DESKTOP-P74VED2" time="25.405">
  <properties/>
  <testcase name="Agregar un iPhone al carrito de compras y eliminar la compra" classname="Compra de un iPhone en el carrito de compras" time="25.405"/>
  <system-out><![CDATA[]]></system-out>
  <system-err><![CDATA[Starting ChromeDriver 111.0.5563.64 (c710e93d5b63b7095afe8c2c17df34408078439d-refs/branch-heads/5563@{#995}) on port 6688
Only local connections are allowed.
Please see https://chromedriver.chromium.org/security-considerations for suggestions on keeping ChromeDriver safe.
ChromeDriver was started successfully.
abr 12, 2023 6:18:11 P. M. org.openqa.selenium.remote.ProtocolHandshake createSession
INFORMACIÓN: Detected dialect: W3C
]]></system-err>
</testsuite>
